# JRE version: OpenJDK Runtime Environment (16.0.1+9) (build 16.0.1+9-24)
# Java VM: OpenJDK 64-Bit Server VM (16.0.1+9-24, mixed mode, tiered, compressed oops, compressed class ptrs, g1 gc, windows-amd64)
GC Precious Log:
 CPUs: 8 total, 8 available
 Memory: 15981M
 Large Page Support: Disabled
 NUMA Support: Disabled
 Compressed Oops: Enabled (Zero based)
 Heap Region Size: 2M
 Heap Min Capacity: 8M
 Heap Initial Capacity: 250M
 Heap Max Capacity: 3996M
 Pre-touch: Disabled
 Parallel Workers: 8
 Concurrent Workers: 2
 Concurrent Refinement Workers: 8
 Periodic GC: Disabled
Heap:
 garbage-first heap   total 110592K, used 76209K [0x0000000706400000, 0x0000000800000000)
  region size 2048K, 26 young (53248K), 2 survivors (4096K)
 Metaspace       used 66710K, committed 67200K, reserved 1114112K
  class space    used 7883K, committed 8128K, reserved 1048576K
GC Heap History (20 events):
Event: 4.651 GC heap before
{Heap before GC invocations=13 (full 0):
 garbage-first heap   total 59392K, used 41408K [0x0000000706400000, 0x0000000800000000)
  region size 2048K, 15 young (30720K), 2 survivors (4096K)
 Metaspace       used 39884K, committed 40256K, reserved 1089536K
  class space    used 4610K, committed 4800K, reserved 1048576K
}
Event: 4.654 GC heap after
{Heap after GC invocations=14 (full 0):
 garbage-first heap   total 59392K, used 18859K [0x0000000706400000, 0x0000000800000000)
  region size 2048K, 2 young (4096K), 2 survivors (4096K)
 Metaspace       used 39884K, committed 40256K, reserved 1089536K
  class space    used 4610K, committed 4800K, reserved 1048576K
}
Event: 4.760 GC heap before
{Heap before GC invocations=14 (full 0):
 garbage-first heap   total 59392K, used 41387K [0x0000000706400000, 0x0000000800000000)
  region size 2048K, 14 young (28672K), 2 survivors (4096K)
 Metaspace       used 39914K, committed 40256K, reserved 1089536K
  class space    used 4611K, committed 4800K, reserved 1048576K
}
Event: 4.764 GC heap after
{Heap after GC invocations=15 (full 0):
 garbage-first heap   total 59392K, used 20686K [0x0000000706400000, 0x0000000800000000)
  region size 2048K, 2 young (4096K), 2 survivors (4096K)
 Metaspace       used 39914K, committed 40256K, reserved 1089536K
  class space    used 4611K, committed 4800K, reserved 1048576K
}
Event: 4.904 GC heap before
{Heap before GC invocations=15 (full 0):
 garbage-first heap   total 59392K, used 43214K [0x0000000706400000, 0x0000000800000000)
  region size 2048K, 13 young (26624K), 2 survivors (4096K)
 Metaspace       used 40590K, committed 40896K, reserved 1089536K
  class space    used 4669K, committed 4800K, reserved 1048576K
}
Event: 4.907 GC heap after
{Heap after GC invocations=16 (full 0):
 garbage-first heap   total 157696K, used 21997K [0x0000000706400000, 0x0000000800000000)
  region size 2048K, 1 young (2048K), 1 survivors (2048K)
 Metaspace       used 40590K, committed 40896K, reserved 1089536K
  class space    used 4669K, committed 4800K, reserved 1048576K
}
Event: 6.073 GC heap before
{Heap before GC invocations=16 (full 0):
 garbage-first heap   total 157696K, used 114157K [0x0000000706400000, 0x0000000800000000)
  region size 2048K, 46 young (94208K), 1 survivors (2048K)
 Metaspace       used 47732K, committed 48000K, reserved 1097728K
  class space    used 5705K, committed 5824K, reserved 1048576K
}
Event: 6.077 GC heap after
{Heap after GC invocations=17 (full 0):
 garbage-first heap   total 157696K, used 24335K [0x0000000706400000, 0x0000000800000000)
  region size 2048K, 2 young (4096K), 2 survivors (4096K)
 Metaspace       used 47732K, committed 48000K, reserved 1097728K
  class space    used 5705K, committed 5824K, reserved 1048576K
}
Event: 7.685 GC heap before
{Heap before GC invocations=17 (full 0):
 garbage-first heap   total 157696K, used 114447K [0x0000000706400000, 0x0000000800000000)
  region size 2048K, 46 young (94208K), 2 survivors (4096K)
 Metaspace       used 56012K, committed 56384K, reserved 1105920K
  class space    used 6803K, committed 6976K, reserved 1048576K
}
Event: 7.691 GC heap after
{Heap after GC invocations=18 (full 0):
 garbage-first heap   total 157696K, used 30412K [0x0000000706400000, 0x0000000800000000)
  region size 2048K, 5 young (10240K), 5 survivors (10240K)
 Metaspace       used 56012K, committed 56384K, reserved 1105920K
  class space    used 6803K, committed 6976K, reserved 1048576K
}
Event: 8.034 GC heap before
{Heap before GC invocations=18 (full 0):
 garbage-first heap   total 157696K, used 54988K [0x0000000706400000, 0x0000000800000000)
  region size 2048K, 19 young (38912K), 5 survivors (10240K)
 Metaspace       used 59074K, committed 59456K, reserved 1105920K
  class space    used 7207K, committed 7424K, reserved 1048576K
}
Event: 8.041 GC heap after
{Heap after GC invocations=19 (full 0):
 garbage-first heap   total 157696K, used 32019K [0x0000000706400000, 0x0000000800000000)
  region size 2048K, 4 young (8192K), 4 survivors (8192K)
 Metaspace       used 59074K, committed 59456K, reserved 1105920K
  class space    used 7207K, committed 7424K, reserved 1048576K
}
Event: 778.291 GC heap before
{Heap before GC invocations=20 (full 0):
 garbage-first heap   total 131072K, used 99603K [0x0000000706400000, 0x0000000800000000)
  region size 2048K, 38 young (77824K), 4 survivors (8192K)
 Metaspace       used 64171K, committed 64640K, reserved 1105920K
  class space    used 7782K, committed 8000K, reserved 1048576K
}
Event: 778.296 GC heap after
{Heap after GC invocations=21 (full 0):
 garbage-first heap   total 131072K, used 33195K [0x0000000706400000, 0x0000000800000000)
  region size 2048K, 2 young (4096K), 2 survivors (4096K)
 Metaspace       used 64171K, committed 64640K, reserved 1105920K
  class space    used 7782K, committed 8000K, reserved 1048576K
}
Event: 3386.419 GC heap before
{Heap before GC invocations=21 (full 0):
 garbage-first heap   total 131072K, used 102827K [0x0000000706400000, 0x0000000800000000)
  region size 2048K, 36 young (73728K), 2 survivors (4096K)
 Metaspace       used 65267K, committed 65728K, reserved 1114112K
  class space    used 7822K, committed 8064K, reserved 1048576K
}
Event: 3386.423 GC heap after
{Heap after GC invocations=22 (full 0):
 garbage-first heap   total 131072K, used 33073K [0x0000000706400000, 0x0000000800000000)
  region size 2048K, 2 young (4096K), 2 survivors (4096K)
 Metaspace       used 65267K, committed 65728K, reserved 1114112K
  class space    used 7822K, committed 8064K, reserved 1048576K
}
Event: 4003.242 GC heap before
{Heap before GC invocations=22 (full 0):
 garbage-first heap   total 131072K, used 53553K [0x0000000706400000, 0x0000000800000000)
  region size 2048K, 13 young (26624K), 2 survivors (4096K)
 Metaspace       used 65705K, committed 66176K, reserved 1114112K
  class space    used 7847K, committed 8064K, reserved 1048576K
}
Event: 4003.283 GC heap after
{Heap after GC invocations=23 (full 1):
 garbage-first heap   total 110592K, used 27661K [0x0000000706400000, 0x0000000800000000)
  region size 2048K, 0 young (0K), 0 survivors (0K)
 Metaspace       used 65705K, committed 66176K, reserved 1114112K
  class space    used 7847K, committed 8064K, reserved 1048576K
}
Event: 4004.289 GC heap before
{Heap before GC invocations=23 (full 1):
 garbage-first heap   total 110592K, used 82957K [0x0000000706400000, 0x0000000800000000)
  region size 2048K, 28 young (57344K), 0 survivors (0K)
 Metaspace       used 66027K, committed 66560K, reserved 1114112K
  class space    used 7860K, committed 8128K, reserved 1048576K
}
Event: 4004.292 GC heap after
{Heap after GC invocations=24 (full 1):
 garbage-first heap   total 110592K, used 31153K [0x0000000706400000, 0x0000000800000000)
  region size 2048K, 2 young (4096K), 2 survivors (4096K)
 Metaspace       used 66027K, committed 66560K, reserved 1114112K
  class space    used 7860K, committed 8128K, reserved 1048576K
}

